#
# There is insufficient memory for the Java Runtime Environment to continue.
# Native memory allocation (malloc) failed to allocate 76816 bytes for Chunk::new
# Possible reasons:
#   The system is out of physical RAM or swap space
#   The process is running with CompressedOops enabled, and the Java Heap may be blocking the growth of the native heap
# Possible solutions:
#   Reduce memory load on the system
#   Increase physical memory or swap space
#   Check if swap backing store is full
#   Decrease Java heap size (-Xmx/-Xms)
#   Decrease number of Java threads
#   Decrease Java thread stack sizes (-Xss)
#   Set larger code cache with -XX:ReservedCodeCacheSize=
#   JVM is running with Unscaled Compressed Oops mode in which the Java heap is
#     placed in the first 4GB address space. The Java Heap base address is the
#     maximum limit for the native heap growth. Please use -XX:HeapBaseMinAddress
#     to set the Java Heap base and to place the Java Heap above 4GB virtual address.
# This output file may be truncated or incomplete.
#
#  Out of Memory Error (allocation.cpp:389), pid=5176, tid=0x0000000000001ab4
#
# JRE version: Java(TM) SE Runtime Environment (8.0_211-b12) (build 1.8.0_211-b12)
# Java VM: Java HotSpot(TM) 64-Bit Server VM (25.211-b12 mixed mode windows-amd64 compressed oops)
# Failed to write core dump. Minidumps are not enabled by default on client versions of Windows
#

---------------  T H R E A D  ---------------

Current thread (0x0000000017a38000):  JavaThread "C2 CompilerThread1" daemon [_thread_in_native, id=6836, stack(0x00000000197a0000,0x00000000198a0000)]

Stack: [0x00000000197a0000,0x00000000198a0000]
[error occurred during error reporting (printing stack bounds), id 0xc0000005]

Native frames: (J=compiled Java code, j=interpreted, Vv=VM code, C=native code)


Current CompileTask:
C2: 221882 11503   !   4       org.springframework.aop.framework.JdkDynamicAopProxy::invoke (575 bytes)


---------------  P R O C E S S  ---------------

Java Threads: ( => current thread )
  0x0000000020ba2000 JavaThread "qtp1489069835-44" [_thread_blocked, id=8836, stack(0x0000000025970000,0x0000000025a70000)]
  0x0000000020ba1000 JavaThread "qtp1489069835-43" [_thread_blocked, id=5764, stack(0x0000000025870000,0x0000000025970000)]
  0x0000000020ba5800 JavaThread "qtp1489069835-42" [_thread_blocked, id=14448, stack(0x0000000025770000,0x0000000025870000)]
  0x0000000020ba0000 JavaThread "qtp1489069835-41" [_thread_blocked, id=14776, stack(0x0000000025670000,0x0000000025770000)]
  0x0000000020ba3800 JavaThread "qtp1489069835-39" [_thread_blocked, id=3428, stack(0x0000000025470000,0x0000000025570000)]
  0x0000000020ba4000 JavaThread "qtp1489069835-38" [_thread_blocked, id=13040, stack(0x0000000025170000,0x0000000025270000)]
  0x0000000019beb800 JavaThread "qtp1489069835-36" [_thread_blocked, id=1824, stack(0x0000000024f70000,0x0000000025070000)]
  0x0000000019bea800 JavaThread "Scheduler-1453128758" [_thread_blocked, id=14164, stack(0x0000000021ab0000,0x0000000021bb0000)]
  0x0000000019bed000 JavaThread "DestroyJavaVM" [_thread_blocked, id=15964, stack(0x0000000002950000,0x0000000002a50000)]
  0x0000000019be9000 JavaThread "Hibernate Search sync consumer thread for index by.itacademy.aalexandrov.poker.dao.orm.impl.entity.News" daemon [_thread_blocked, id=5056, stack(0x000000001f790000,0x000000001f890000)]
  0x000000001afb8800 JavaThread "org.eclipse.jetty.server.session.HashSessionManager@45b9a632Timer" daemon [_thread_blocked, id=4840, stack(0x000000001ca10000,0x000000001cb10000)]
  0x000000001aaca000 JavaThread "qtp1489069835-20" [_thread_blocked, id=11152, stack(0x000000001c5c0000,0x000000001c6c0000)]
  0x000000001aac9800 JavaThread "qtp1489069835-19" [_thread_blocked, id=4176, stack(0x000000001c4c0000,0x000000001c5c0000)]
  0x000000001aad1800 JavaThread "qtp1489069835-17" [_thread_blocked, id=12028, stack(0x000000001c2c0000,0x000000001c3c0000)]
  0x000000001aad1000 JavaThread "qtp1489069835-16-acceptor-0@143fc8c5-ServerConnector@17884d{HTTP/1.1}{0.0.0.0:8081}" [_thread_in_native, id=10644, stack(0x000000001c1c0000,0x000000001c2c0000)]
  0x000000001af64000 JavaThread "qtp1489069835-15-selector-ServerConnectorManager@39f785f8/2" [_thread_in_native, id=16252, stack(0x000000001c0c0000,0x000000001c1c0000)]
  0x000000001aad0000 JavaThread "qtp1489069835-14-selector-ServerConnectorManager@39f785f8/0" [_thread_in_native, id=8516, stack(0x000000001bfc0000,0x000000001c0c0000)]
  0x000000001af6d800 JavaThread "qtp1489069835-13-selector-ServerConnectorManager@39f785f8/1" [_thread_in_native, id=10896, stack(0x000000001bec0000,0x000000001bfc0000)]
  0x0000000017a3e800 JavaThread "Service Thread" daemon [_thread_blocked, id=10656, stack(0x0000000019da0000,0x0000000019ea0000)]
  0x0000000017a39800 JavaThread "C1 CompilerThread2" daemon [_thread_blocked, id=7964, stack(0x00000000198a0000,0x00000000199a0000)]
=>0x0000000017a38000 JavaThread "C2 CompilerThread1" daemon [_thread_in_native, id=6836, stack(0x00000000197a0000,0x00000000198a0000)]
  0x0000000017a2e000 JavaThread "C2 CompilerThread0" daemon [_thread_in_native, id=15300, stack(0x00000000196a0000,0x00000000197a0000)]
  0x0000000017a2a800 JavaThread "Attach Listener" daemon [_thread_blocked, id=15992, stack(0x00000000195a0000,0x00000000196a0000)]
  0x0000000017a29800 JavaThread "Signal Dispatcher" daemon [_thread_blocked, id=14100, stack(0x00000000194a0000,0x00000000195a0000)]
  0x0000000017a12000 JavaThread "Finalizer" daemon [_thread_blocked, id=15644, stack(0x00000000192a0000,0x00000000193a0000)]
  0x00000000179ea800 JavaThread "Reference Handler" daemon [_thread_blocked, id=3412, stack(0x00000000191a0000,0x00000000192a0000)]

Other Threads:
  0x00000000179e8800 VMThread [stack: 0x00000000190a0000,0x00000000191a0000] [id=12564]
  0x0000000019a58000 WatcherThread [stack: 0x0000000019ea0000,0x0000000019fa0000] [id=13308]

VM state:not at safepoint (normal execution)

VM Mutex/Monitor currently owned by a thread: None

heap address: 0x0000000080000000, size: 2048 MB, Compressed Oops mode: 32-bit
Narrow klass base: 0x0000000000000000, Narrow klass shift: 3
Compressed class space size: 1073741824 Address: 0x0000000100000000

Heap:
 PSYoungGen      total 357376K, used 316667K [0x00000000d5580000, 0x00000000eca80000, 0x0000000100000000)
  eden space 350720K, 88% used [0x00000000d5580000,0x00000000e847ec28,0x00000000eac00000)
  from space 6656K, 96% used [0x00000000ec400000,0x00000000eca40000,0x00000000eca80000)
  to   space 15360K, 0% used [0x00000000eac80000,0x00000000eac80000,0x00000000ebb80000)
 ParOldGen       total 107520K, used 24611K [0x0000000080000000, 0x0000000086900000, 0x00000000d5580000)
  object space 107520K, 22% used [0x0000000080000000,0x0000000081808d50,0x0000000086900000)
 Metaspace       used 64025K, capacity 65558K, committed 65712K, reserved 1107968K
  class space    used 7455K, capacity 7731K, committed 7856K, reserved 1048576K

Card table byte_map: [0x0000000011f80000,0x0000000012390000] byte_map_base: 0x0000000011b80000

Marking Bits: (ParMarkBitMap*) 0x000000005aa35ce0
 Begin Bits: [0x0000000012c40000, 0x0000000014c40000)
 End Bits:   [0x0000000014c40000, 0x0000000016c40000)

Polling page: 0x0000000000e90000

CodeCache: size=245760Kb used=35522Kb max_used=35546Kb free=210237Kb
 bounds [0x0000000002bc0000, 0x0000000004eb0000, 0x0000000011bc0000]
 total_blobs=10266 nmethods=9669 adapters=509
 compilation: enabled

Compilation events (10 events):
Event: 221.331 Thread 0x0000000017a39800 11499       3       org.springframework.expression.spel.support.StandardEvaluationContext::getTypeConverter (23 bytes)
Event: 221.332 Thread 0x0000000017a39800 nmethod 11499 0x0000000004e8ed10 code [0x0000000004e8ee80, 0x0000000004e8f188]
Event: 221.388 Thread 0x0000000017a39800 11501       3       org.springframework.core.ResolvableType::hasUnresolvableGenerics (132 bytes)
Event: 221.390 Thread 0x0000000017a39800 nmethod 11501 0x0000000004e8f2d0 code [0x0000000004e8f520, 0x0000000004e90418]
Event: 221.526 Thread 0x0000000017a38000 nmethod 11488 0x0000000004e978d0 code [0x0000000004e97d00, 0x0000000004e9bec0]
Event: 221.527 Thread 0x0000000017a38000 11500       4       org.eclipse.jetty.server.HttpConnection$SendCallback::reset (80 bytes)
Event: 221.530 Thread 0x0000000017a38000 nmethod 11500 0x0000000004e94250 code [0x0000000004e943c0, 0x0000000004e94698]
Event: 221.614 Thread 0x0000000017a38000 11502       4       org.eclipse.jetty.util.ArrayTernaryTrie::getBest (9 bytes)
Event: 221.617 Thread 0x0000000017a38000 nmethod 11502 0x0000000004e93990 code [0x0000000004e93ae0, 0x0000000004e93d78]
Event: 221.622 Thread 0x0000000017a38000 11503   !   4       org.springframework.aop.framework.JdkDynamicAopProxy::invoke (575 bytes)

GC Heap History (10 events):
Event: 12.866 GC heap before
{Heap before GC invocations=13 (full 2):
 PSYoungGen      total 205824K, used 19431K [0x00000000d5580000, 0x00000000e3e00000, 0x0000000100000000)
  eden space 191488K, 2% used [0x00000000d5580000,0x00000000d5a7d308,0x00000000e1080000)
  from space 14336K, 99% used [0x00000000e2180000,0x00000000e2f7c980,0x00000000e2f80000)
  to   space 17408K, 0% used [0x00000000e1080000,0x00000000e1080000,0x00000000e2180000)
 ParOldGen       total 86528K, used 21516K [0x0000000080000000, 0x0000000085480000, 0x00000000d5580000)
  object space 86528K, 24% used [0x0000000080000000,0x0000000081503330,0x0000000085480000)
 Metaspace       used 58090K, capacity 58952K, committed 59160K, reserved 1101824K
  class space    used 7111K, capacity 7302K, committed 7344K, reserved 1048576K
Event: 12.883 GC heap after
Heap after GC invocations=13 (full 2):
 PSYoungGen      total 208896K, used 7539K [0x00000000d5580000, 0x00000000e8600000, 0x0000000100000000)
  eden space 191488K, 0% used [0x00000000d5580000,0x00000000d5580000,0x00000000e1080000)
  from space 17408K, 43% used [0x00000000e1080000,0x00000000e17dcc00,0x00000000e2180000)
  to   space 16896K, 0% used [0x00000000e7580000,0x00000000e7580000,0x00000000e8600000)
 ParOldGen       total 86528K, used 24557K [0x0000000080000000, 0x0000000085480000, 0x00000000d5580000)
  object space 86528K, 28% used [0x0000000080000000,0x00000000817fb450,0x0000000085480000)
 Metaspace       used 58090K, capacity 58952K, committed 59160K, reserved 1101824K
  class space    used 7111K, capacity 7302K, committed 7344K, reserved 1048576K
}
Event: 12.883 GC heap before
{Heap before GC invocations=14 (full 3):
 PSYoungGen      total 208896K, used 7539K [0x00000000d5580000, 0x00000000e8600000, 0x0000000100000000)
  eden space 191488K, 0% used [0x00000000d5580000,0x00000000d5580000,0x00000000e1080000)
  from space 17408K, 43% used [0x00000000e1080000,0x00000000e17dcc00,0x00000000e2180000)
  to   space 16896K, 0% used [0x00000000e7580000,0x00000000e7580000,0x00000000e8600000)
 ParOldGen       total 86528K, used 24557K [0x0000000080000000, 0x0000000085480000, 0x00000000d5580000)
  object space 86528K, 28% used [0x0000000080000000,0x00000000817fb450,0x0000000085480000)
 Metaspace       used 58090K, capacity 58952K, committed 59160K, reserved 1101824K
  class space    used 7111K, capacity 7302K, committed 7344K, reserved 1048576K
Event: 13.086 GC heap after
Heap after GC invocations=14 (full 3):
 PSYoungGen      total 208896K, used 0K [0x00000000d5580000, 0x00000000e8600000, 0x0000000100000000)
  eden space 191488K, 0% used [0x00000000d5580000,0x00000000d5580000,0x00000000e1080000)
  from space 17408K, 0% used [0x00000000e1080000,0x00000000e1080000,0x00000000e2180000)
  to   space 16896K, 0% used [0x00000000e7580000,0x00000000e7580000,0x00000000e8600000)
 ParOldGen       total 107520K, used 20859K [0x0000000080000000, 0x0000000086900000, 0x00000000d5580000)
  object space 107520K, 19% used [0x0000000080000000,0x000000008145ed38,0x0000000086900000)
 Metaspace       used 58090K, capacity 58952K, committed 59160K, reserved 1101824K
  class space    used 7111K, capacity 7302K, committed 7344K, reserved 1048576K
}
Event: 26.188 GC heap before
{Heap before GC invocations=15 (full 3):
 PSYoungGen      total 208896K, used 191488K [0x00000000d5580000, 0x00000000e8600000, 0x0000000100000000)
  eden space 191488K, 100% used [0x00000000d5580000,0x00000000e1080000,0x00000000e1080000)
  from space 17408K, 0% used [0x00000000e1080000,0x00000000e1080000,0x00000000e2180000)
  to   space 16896K, 0% used [0x00000000e7580000,0x00000000e7580000,0x00000000e8600000)
 ParOldGen       total 107520K, used 20859K [0x0000000080000000, 0x0000000086900000, 0x00000000d5580000)
  object space 107520K, 19% used [0x0000000080000000,0x000000008145ed38,0x0000000086900000)
 Metaspace       used 61086K, capacity 62288K, committed 62512K, reserved 1103872K
  class space    used 7396K, capacity 7609K, committed 7728K, reserved 1048576K
Event: 26.198 GC heap after
Heap after GC invocations=15 (full 3):
 PSYoungGen      total 272384K, used 5759K [0x00000000d5580000, 0x00000000e7b80000, 0x0000000100000000)
  eden space 266240K, 0% used [0x00000000d5580000,0x00000000d5580000,0x00000000e5980000)
  from space 6144K, 93% used [0x00000000e7580000,0x00000000e7b1fcb0,0x00000000e7b80000)
  to   space 16384K, 0% used [0x00000000e5b80000,0x00000000e5b80000,0x00000000e6b80000)
 ParOldGen       total 107520K, used 20867K [0x0000000080000000, 0x0000000086900000, 0x00000000d5580000)
  object space 107520K, 19% used [0x0000000080000000,0x0000000081460d38,0x0000000086900000)
 Metaspace       used 61086K, capacity 62288K, committed 62512K, reserved 1103872K
  class space    used 7396K, capacity 7609K, committed 7728K, reserved 1048576K
}
Event: 81.324 GC heap before
{Heap before GC invocations=16 (full 3):
 PSYoungGen      total 272384K, used 271999K [0x00000000d5580000, 0x00000000e7b80000, 0x0000000100000000)
  eden space 266240K, 100% used [0x00000000d5580000,0x00000000e5980000,0x00000000e5980000)
  from space 6144K, 93% used [0x00000000e7580000,0x00000000e7b1fcb0,0x00000000e7b80000)
  to   space 16384K, 0% used [0x00000000e5b80000,0x00000000e5b80000,0x00000000e6b80000)
 ParOldGen       total 107520K, used 20867K [0x0000000080000000, 0x0000000086900000, 0x00000000d5580000)
  object space 107520K, 19% used [0x0000000080000000,0x0000000081460d38,0x0000000086900000)
 Metaspace       used 63298K, capacity 64686K, committed 64816K, reserved 1105920K
  class space    used 7447K, capacity 7688K, committed 7728K, reserved 1048576K
Event: 81.351 GC heap after
Heap after GC invocations=16 (full 3):
 PSYoungGen      total 284672K, used 6805K [0x00000000d5580000, 0x00000000ed380000, 0x0000000100000000)
  eden space 268288K, 0% used [0x00000000d5580000,0x00000000d5580000,0x00000000e5b80000)
  from space 16384K, 41% used [0x00000000e5b80000,0x00000000e6225470,0x00000000e6b80000)
  to   space 15872K, 0% used [0x00000000ec400000,0x00000000ec400000,0x00000000ed380000)
 ParOldGen       total 107520K, used 23343K [0x0000000080000000, 0x0000000086900000, 0x00000000d5580000)
  object space 107520K, 21% used [0x0000000080000000,0x00000000816cbcd0,0x0000000086900000)
 Metaspace       used 63298K, capacity 64686K, committed 64816K, reserved 1105920K
  class space    used 7447K, capacity 7688K, committed 7728K, reserved 1048576K
}
Event: 153.849 GC heap before
{Heap before GC invocations=17 (full 3):
 PSYoungGen      total 284672K, used 275093K [0x00000000d5580000, 0x00000000ed380000, 0x0000000100000000)
  eden space 268288K, 100% used [0x00000000d5580000,0x00000000e5b80000,0x00000000e5b80000)
  from space 16384K, 41% used [0x00000000e5b80000,0x00000000e6225470,0x00000000e6b80000)
  to   space 15872K, 0% used [0x00000000ec400000,0x00000000ec400000,0x00000000ed380000)
 ParOldGen       total 107520K, used 23343K [0x0000000080000000, 0x0000000086900000, 0x00000000d5580000)
  object space 107520K, 21% used [0x0000000080000000,0x00000000816cbcd0,0x0000000086900000)
 Metaspace       used 63785K, capacity 65344K, committed 65584K, reserved 1107968K
  class space    used 7452K, capacity 7727K, committed 7728K, reserved 1048576K
Event: 153.874 GC heap after
Heap after GC invocations=17 (full 3):
 PSYoungGen      total 357376K, used 6400K [0x00000000d5580000, 0x00000000eca80000, 0x0000000100000000)
  eden space 350720K, 0% used [0x00000000d5580000,0x00000000d5580000,0x00000000eac00000)
  from space 6656K, 96% used [0x00000000ec400000,0x00000000eca40000,0x00000000eca80000)
  to   space 15360K, 0% used [0x00000000eac80000,0x00000000eac80000,0x00000000ebb80000)
 ParOldGen       total 107520K, used 24611K [0x0000000080000000, 0x0000000086900000, 0x00000000d5580000)
  object space 107520K, 22% used [0x0000000080000000,0x0000000081808d50,0x0000000086900000)
 Metaspace       used 63785K, capacity 65344K, committed 65584K, reserved 1107968K
  class space    used 7452K, capacity 7727K, committed 7728K, reserved 1048576K
}

Deoptimization events (10 events):
Event: 49.343 Thread 0x000000001aac4800 Uncommon trap: reason=unstable_if action=reinterpret pc=0x00000000047846ec method=java.io.ExpiringCache.entryFor(Ljava/lang/String;)Ljava/io/ExpiringCache$Entry; @ 39
Event: 62.183 Thread 0x0000000019beb800 Uncommon trap: reason=unstable_if action=reinterpret pc=0x0000000003e93470 method=java.util.concurrent.ConcurrentHashMap.addCount(JI)V @ 34
Event: 62.317 Thread 0x000000001aad0000 Uncommon trap: reason=unstable_if action=reinterpret pc=0x000000000471866c method=java.util.concurrent.ConcurrentHashMap.addCount(JI)V @ 7
Event: 123.439 Thread 0x0000000020ba3800 Uncommon trap: reason=unstable_if action=reinterpret pc=0x00000000044c0b84 method=org.hibernate.internal.util.collections.ConcurrentReferenceHashMap$Segment.get(Ljava/lang/Object;I)Ljava/lang/Object; @ 34
Event: 126.437 Thread 0x0000000019beb800 Uncommon trap: reason=unstable_if action=reinterpret pc=0x00000000046fb078 method=org.hibernate.internal.util.collections.ConcurrentReferenceHashMap$Segment.get(Ljava/lang/Object;I)Ljava/lang/Object; @ 34
Event: 191.826 Thread 0x000000001aac4800 Uncommon trap: reason=unstable_if action=reinterpret pc=0x0000000004bc24f0 method=java.util.concurrent.ConcurrentLinkedQueue.size()I @ 15
Event: 209.633 Thread 0x000000001aad1800 Uncommon trap: reason=null_check action=make_not_entrant pc=0x0000000003defcb4 method=org.hibernate.jpa.criteria.ValueHandlerFactory.isNumeric(Ljava/lang/Class;)Z @ 4
Event: 213.537 Thread 0x0000000020ba0000 Uncommon trap: reason=unstable_if action=reinterpret pc=0x0000000004bae4b4 method=org.eclipse.jetty.webapp.WebAppContext.getResource(Ljava/lang/String;)Lorg/eclipse/jetty/util/resource/Resource; @ 57
Event: 213.579 Thread 0x0000000020ba0000 Uncommon trap: reason=predicate action=maybe_recompile pc=0x0000000004d0513c method=java.util.TimSort.binarySort([Ljava/lang/Object;IIILjava/util/Comparator;)V @ 37
Event: 213.686 Thread 0x0000000020ba0000 Uncommon trap: reason=array_check action=maybe_recompile pc=0x0000000002f12f18 method=java.util.TimSort.binarySort([Ljava/lang/Object;IIILjava/util/Comparator;)V @ 215

Classes redefined (0 events):
No events

Internal exceptions (10 events):
Event: 17.431 Thread 0x000000001aac4800 Exception <a 'java/lang/ClassNotFoundException': org/springframework/security/core/CredentialsContainerCustomizer> (0x00000000dc6c1d80) thrown at [C:\re\workspace\8-2-build-windows-amd64-cygwin\jdk8u211\12973\hotspot\src\share\vm\classfile\systemDictionar
Event: 18.547 Thread 0x000000001aad1800 Exception <a 'java/lang/NoSuchMethodError': java.lang.Object.lambda$thenComparing$36697e65$1(Ljava/util/Comparator;Ljava/lang/Object;Ljava/lang/Object;)I> (0x00000000dd6275e8) thrown at [C:\re\workspace\8-2-build-windows-amd64-cygwin\jdk8u211\12973\hotspo
Event: 18.890 Thread 0x0000000019be8000 Exception <a 'java/lang/ClassNotFoundException': by/itacademy/aalexandrov/poker/web/dto/GameDTOBeanInfo> (0x00000000df780fa8) thrown at [C:\re\workspace\8-2-build-windows-amd64-cygwin\jdk8u211\12973\hotspot\src\share\vm\classfile\systemDictionary.cpp, lin
Event: 18.891 Thread 0x0000000019be8000 Exception <a 'java/lang/ClassNotFoundException': by/itacademy/aalexandrov/poker/web/dto/GameDTOCustomizer> (0x00000000df7a8018) thrown at [C:\re\workspace\8-2-build-windows-amd64-cygwin\jdk8u211\12973\hotspot\src\share\vm\classfile\systemDictionary.cpp, l
Event: 18.893 Thread 0x0000000019be8000 Exception <a 'java/lang/ClassNotFoundException': by/itacademy/aalexandrov/poker/web/dto/UserAccountDTOBeanInfo> (0x00000000df7ed498) thrown at [C:\re\workspace\8-2-build-windows-amd64-cygwin\jdk8u211\12973\hotspot\src\share\vm\classfile\systemDictionary.c
Event: 18.894 Thread 0x0000000019be8000 Exception <a 'java/lang/ClassNotFoundException': by/itacademy/aalexandrov/poker/web/dto/UserAccountDTOCustomizer> (0x00000000df817380) thrown at [C:\re\workspace\8-2-build-windows-amd64-cygwin\jdk8u211\12973\hotspot\src\share\vm\classfile\systemDictionary
Event: 21.357 Thread 0x000000001aad1800 Exception <a 'java/lang/reflect/InvocationTargetException'> (0x00000000e01a47a8) thrown at [C:\re\workspace\8-2-build-windows-amd64-cygwin\jdk8u211\12973\hotspot\src\share\vm\runtime\reflection.cpp, line 1092]
Event: 38.842 Thread 0x0000000020ba4000 Implicit null exception at 0x00000000045fce73 to 0x00000000045fd725
Event: 38.843 Thread 0x0000000020ba4000 Implicit null exception at 0x000000000460214f to 0x0000000004602315
Event: 38.861 Thread 0x0000000020ba4000 Implicit null exception at 0x00000000045f33d2 to 0x00000000045f3591

Events (10 events):
Event: 215.353 Executing VM operation: RevokeBias done
Event: 216.378 Executing VM operation: RevokeBias
Event: 216.378 Executing VM operation: RevokeBias done
Event: 221.335 Executing VM operation: RevokeBias
Event: 221.335 Executing VM operation: RevokeBias done
Event: 221.335 Executing VM operation: RevokeBias
Event: 221.335 Executing VM operation: RevokeBias done
Event: 221.354 Thread 0x0000000020ba5800 Thread added: 0x0000000020ba5800
Event: 221.358 Thread 0x0000000020ba1000 Thread added: 0x0000000020ba1000
Event: 221.371 Thread 0x0000000020ba2000 Thread added: 0x0000000020ba2000


Dynamic libraries:
0x00007ff7b5110000 - 0x00007ff7b5147000 	C:\Program Files\Java\jre1.8.0_211\bin\javaw.exe
0x00007ffa3d2e0000 - 0x00007ffa3d4c1000 	C:\WINDOWS\SYSTEM32\ntdll.dll
0x00007ffa19e90000 - 0x00007ffa19ea2000 	C:\Program Files\AVAST Software\Avast\aswhook.dll
0x00007ffa3b7e0000 - 0x00007ffa3b891000 	C:\WINDOWS\System32\KERNEL32.DLL
0x00007ffa3a4f0000 - 0x00007ffa3a763000 	C:\WINDOWS\System32\KERNELBASE.dll
0x00007ffa3d200000 - 0x00007ffa3d2a1000 	C:\WINDOWS\System32\ADVAPI32.dll
0x00007ffa3b3a0000 - 0x00007ffa3b43e000 	C:\WINDOWS\System32\msvcrt.dll
0x00007ffa3add0000 - 0x00007ffa3ae2b000 	C:\WINDOWS\System32\sechost.dll
0x00007ffa3b540000 - 0x00007ffa3b664000 	C:\WINDOWS\System32\RPCRT4.dll
0x00007ffa3bbf0000 - 0x00007ffa3bd80000 	C:\WINDOWS\System32\USER32.dll
0x00007ffa396b0000 - 0x00007ffa396d0000 	C:\WINDOWS\System32\win32u.dll
0x00007ffa3bb10000 - 0x00007ffa3bb38000 	C:\WINDOWS\System32\GDI32.dll
0x00007ffa3a350000 - 0x00007ffa3a4e1000 	C:\WINDOWS\System32\gdi32full.dll
0x00007ffa396d0000 - 0x00007ffa3976f000 	C:\WINDOWS\System32\msvcp_win.dll
0x00007ffa3a0c0000 - 0x00007ffa3a1b8000 	C:\WINDOWS\System32\ucrtbase.dll
0x00007ffa32c70000 - 0x00007ffa32ed9000 	C:\WINDOWS\WinSxS\amd64_microsoft.windows.common-controls_6595b64144ccf1df_6.0.17134.885_none_fb42a3473065565f\COMCTL32.dll
0x00007ffa3af10000 - 0x00007ffa3b232000 	C:\WINDOWS\System32\combase.dll
0x00007ffa3a1c0000 - 0x00007ffa3a239000 	C:\WINDOWS\System32\bcryptPrimitives.dll
0x00007ffa3d1c0000 - 0x00007ffa3d1ed000 	C:\WINDOWS\System32\IMM32.DLL
0x000000005a130000 - 0x000000005a202000 	C:\Program Files\Java\jre1.8.0_211\bin\msvcr100.dll
0x000000005a210000 - 0x000000005aab5000 	C:\Program Files\Java\jre1.8.0_211\bin\server\jvm.dll
0x00007ffa3a910000 - 0x00007ffa3a918000 	C:\WINDOWS\System32\PSAPI.DLL
0x00007ffa32320000 - 0x00007ffa32329000 	C:\WINDOWS\SYSTEM32\WSOCK32.dll
0x00007ffa3b240000 - 0x00007ffa3b2ac000 	C:\WINDOWS\System32\WS2_32.dll
0x00007ffa378a0000 - 0x00007ffa378c3000 	C:\WINDOWS\SYSTEM32\WINMM.dll
0x00007ffa352f0000 - 0x00007ffa352fa000 	C:\WINDOWS\SYSTEM32\VERSION.dll
0x00007ffa37870000 - 0x00007ffa3789a000 	C:\WINDOWS\SYSTEM32\WINMMBASE.dll
0x00007ffa39960000 - 0x00007ffa399a9000 	C:\WINDOWS\System32\cfgmgr32.dll
0x00007ffa2d8a0000 - 0x00007ffa2d8af000 	C:\Program Files\Java\jre1.8.0_211\bin\verify.dll
0x00007ffa19e60000 - 0x00007ffa19e89000 	C:\Program Files\Java\jre1.8.0_211\bin\java.dll
0x00007ffa22780000 - 0x00007ffa22796000 	C:\Program Files\Java\jre1.8.0_211\bin\zip.dll
0x00007ffa3bd80000 - 0x00007ffa3d1c0000 	C:\WINDOWS\System32\SHELL32.dll
0x00007ffa3bb40000 - 0x00007ffa3bbe9000 	C:\WINDOWS\System32\shcore.dll
0x00007ffa399b0000 - 0x00007ffa3a0bd000 	C:\WINDOWS\System32\windows.storage.dll
0x00007ffa3ae30000 - 0x00007ffa3ae81000 	C:\WINDOWS\System32\shlwapi.dll
0x00007ffa39600000 - 0x00007ffa39611000 	C:\WINDOWS\System32\kernel.appcore.dll
0x00007ffa39640000 - 0x00007ffa3965f000 	C:\WINDOWS\System32\profapi.dll
0x00007ffa39660000 - 0x00007ffa396ac000 	C:\WINDOWS\System32\powrprof.dll
0x00007ffa395f0000 - 0x00007ffa395fa000 	C:\WINDOWS\System32\FLTLIB.DLL
0x00007ff9fd770000 - 0x00007ff9fd77d000 	C:\Program Files\Java\jre1.8.0_211\bin\management.dll
0x00007ffa1dc40000 - 0x00007ffa1dc5a000 	C:\Program Files\Java\jre1.8.0_211\bin\net.dll
0x00007ffa2b270000 - 0x00007ffa2b439000 	C:\WINDOWS\SYSTEM32\urlmon.dll
0x00007ffa2e2d0000 - 0x00007ffa2e576000 	C:\WINDOWS\SYSTEM32\iertutil.dll
0x00007ffa39040000 - 0x00007ffa3904b000 	C:\WINDOWS\SYSTEM32\CRYPTBASE.DLL
0x00007ffa38e70000 - 0x00007ffa38ed6000 	C:\WINDOWS\system32\mswsock.dll
0x00007ffa19960000 - 0x00007ffa19976000 	C:\WINDOWS\system32\napinsp.dll
0x00007ffa19940000 - 0x00007ffa1995a000 	C:\WINDOWS\system32\pnrpnsp.dll
0x00007ffa365f0000 - 0x00007ffa36609000 	C:\WINDOWS\system32\NLAapi.dll
0x00007ffa38c50000 - 0x00007ffa38d0e000 	C:\WINDOWS\SYSTEM32\DNSAPI.dll
0x00007ffa3b670000 - 0x00007ffa3b678000 	C:\WINDOWS\System32\NSI.dll
0x00007ffa38c00000 - 0x00007ffa38c38000 	C:\WINDOWS\SYSTEM32\IPHLPAPI.DLL
0x00007ffa19e20000 - 0x00007ffa19e2e000 	C:\WINDOWS\System32\winrnr.dll
0x000000005abe0000 - 0x000000005ac15000 	C:\Program Files\Bonjour\mdnsNSP.dll
0x00007ffa2e6a0000 - 0x00007ffa2e6aa000 	C:\Windows\System32\rasadhlp.dll
0x00007ffa31ea0000 - 0x00007ffa31f12000 	C:\WINDOWS\System32\fwpuclnt.dll
0x00007ffa39150000 - 0x00007ffa39175000 	C:\WINDOWS\SYSTEM32\bcrypt.dll
0x00007ffa1db30000 - 0x00007ffa1db42000 	C:\Program Files\Java\jre1.8.0_211\bin\nio.dll
0x00007ffa39020000 - 0x00007ffa39037000 	C:\WINDOWS\SYSTEM32\CRYPTSP.dll
0x00007ffa38a60000 - 0x00007ffa38a93000 	C:\WINDOWS\system32\rsaenh.dll
0x00007ffa394f0000 - 0x00007ffa39518000 	C:\WINDOWS\SYSTEM32\USERENV.dll
0x00007ffa32690000 - 0x00007ffa326a6000 	C:\WINDOWS\SYSTEM32\dhcpcsvc6.DLL
0x00007ffa32570000 - 0x00007ffa3258a000 	C:\WINDOWS\SYSTEM32\dhcpcsvc.DLL
0x00007ffa05de0000 - 0x00007ffa05e04000 	C:\Program Files\Java\jre1.8.0_211\bin\sunec.dll
0x00007ffa15240000 - 0x00007ffa1524b000 	C:\Program Files\Java\jre1.8.0_211\bin\sunmscapi.dll
0x00007ffa39770000 - 0x00007ffa39952000 	C:\WINDOWS\System32\CRYPT32.dll
0x00007ffa39620000 - 0x00007ffa39632000 	C:\WINDOWS\System32\MSASN1.dll

VM Arguments:
jvm_args: -Dfile.encoding=UTF-8 
java_command: StartJetty
java_class_path (initial): F:\aalexandrov\G-JD2-2019-11-06\web\target\test-classes;F:\aalexandrov\G-JD2-2019-11-06\web\target\classes;F:\aalexandrov\G-JD2-2019-11-06\service\target\classes;C:\Users\alexa\.m2\repository\javax\mail\mail\1.4\mail-1.4.jar;C:\Users\alexa\.m2\repository\javax\activation\activation\1.1\activation-1.1.jar;F:\aalexandrov\G-JD2-2019-11-06\dao-orm-impl\target\classes;C:\Users\alexa\.m2\repository\org\hibernate\hibernate-search-orm\5.0.1.Final\hibernate-search-orm-5.0.1.Final.jar;C:\Users\alexa\.m2\repository\org\hibernate\hibernate-search-engine\5.0.1.Final\hibernate-search-engine-5.0.1.Final.jar;C:\Users\alexa\.m2\repository\org\apache\lucene\lucene-core\4.10.3\lucene-core-4.10.3.jar;C:\Users\alexa\.m2\repository\org\apache\lucene\lucene-analyzers-common\4.10.3\lucene-analyzers-common-4.10.3.jar;C:\Users\alexa\.m2\repository\org\apache\lucene\lucene-facet\4.10.3\lucene-facet-4.10.3.jar;C:\Users\alexa\.m2\repository\org\apache\lucene\lucene-queries\4.10.3\lucene-queries-4.10.3.jar;C:\Users\alexa\.m2\repository\org\hibernate\hibernate-core\4.3.8.Final\hibernate-core-4.3.8.Final.jar;C:\Users\alexa\.m2\repository\antlr\antlr\2.7.7\antlr-2.7.7.jar;C:\Users\alexa\.m2\repository\org\jboss\jandex\1.1.0.Final\jandex-1.1.0.Final.jar;F:\aalexandrov\G-JD2-2019-11-06\dao-api\target\classes;C:\Users\alexa\.m2\repository\org\jboss\logging\jboss-logging\3.2.0.Final\jboss-logging-3.2.0.Final.jar;C:\Users\alexa\.m2\repository\org\apache\logging\log4j\log4j-api\2.1\log4j-api-2.1.jar;C:\Users\alexa\.m2\repository\org\apache\logging\log4j\log4j-core\2.1\log4j-core-2.1.jar;C:\Users\alexa\.m2\repository\org\apache\logging\log4j\log4j-slf4j-impl\2.1\log4j-slf4j-impl-2.1.jar;C:\Users\alexa\.m2\repository\org\apache\logging\log4j\log4j-jcl\2.1\log4j-jcl-2.1.jar;C:\Users\alexa\.m2\repository\commons-logging\commons-logging\1.2\commons-logging-1.2.jar;C:\Users\alexa\.m2\repository\org\springframework\spring-orm\5.1.5.RELEASE\spring-orm-5.1.5.RELEASE.jar;C:\Users\alexa
Launcher Type: SUN_STANDARD

Environment Variables:
JAVA_HOME=C:\Program Files\Java\jdk1.8.0_201
PATH=C:/Program Files/Java/jre1.8.0_211/bin/server;C:/Program Files/Java/jre1.8.0_211/bin;C:/Program Files/Java/jre1.8.0_211/lib/amd64;C:\Program Files (x86)\Common Files\Oracle\Java\javapath;C:\WINDOWS\system32;C:\WINDOWS;C:\WINDOWS\System32\Wbem;C:\WINDOWS\System32\WindowsPowerShell\v1.0\;C:\WINDOWS\System32\OpenSSH\;C:\Program Files\Java\jdk1.8.0_201\bin;D:\Java\apache\bin;C:\Program Files\Git\cmd;C:\Program Files\NVIDIA Corporation\NVIDIA NvDLISR;C:\Program Files (x86)\NVIDIA Corporation\PhysX\Common;C:\Users\alexa\AppData\Local\Microsoft\WindowsApps;D:\Java\apache\bin;;C:\Users\alexa\Desktop;
USERNAME=alexa
OS=Windows_NT
PROCESSOR_IDENTIFIER=AMD64 Family 21 Model 2 Stepping 0, AuthenticAMD



---------------  S Y S T E M  ---------------

OS: Windows 10.0 , 64 bit Build 17134 (10.0.17134.753)

CPU:total 6 (initial active 6) (6 cores per cpu, 1 threads per core) family 21 model 2 stepping 0, cmov, cx8, fxsr, mmx, sse, sse2, sse3, ssse3, sse4.1, sse4.2, popcnt, avx, aes, clmul, mmxext, 3dnowpref, lzcnt, sse4a, tsc, tscinvbit, tscinv, bmi1

Memory: 4k page, physical 8386100k(426364k free), swap 21566208k(5260k free)

vm_info: Java HotSpot(TM) 64-Bit Server VM (25.211-b12) for windows-amd64 JRE (1.8.0_211-b12), built on Apr  1 2019 20:53:26 by "java_re" with MS VC++ 10.0 (VS2010)

time: Mon Sep 09 18:27:57 2019
timezone: Беларусь (зима)
elapsed time: 221 seconds (0d 0h 3m 41s)

